2020-05-01 12:20:41.5735 [DEBUG] Scene Fusion version 1.8.7-0
2020-05-01 12:20:41.5905 [INFO] Setting define symbol SCENE_FUSION
2020-05-01 12:20:56.7453 [DEBUG] Scene Fusion version 1.8.7-0
2020-05-01 12:20:58.2012 [DEBUG] Invalid token sent as part of a web request token. Token = 7cRDjeth2MWUQMbMkJDmIjIxQuKmFMosaniC4T7tQX58HbCkBYZRHMRbhWlE8eczE60oW1cloNAU7xr9oHRPDflAKdZMMo3xZ1piiHboiCYaeW1XsASHndwCn8penfcAPcyyZsUB7H116A0IpmjLm8czBXja4YN3lSwJFNJqebMWQPwiInJeTosReO6jb7ijsDEaZcKAlrdC2mdEeUSjSH1S7ySTIIlbeIlxuapXGbccfjdRmK1z97ADFCwDf2g
2020-05-01 12:24:24.9583 [INFO] Launching Session: Untitled
2020-05-01 12:24:25.6248 [DEBUG] Connecting
2020-05-01 12:24:25.6457 [DEBUG] Connecting to room (123280:SceneFusion:SceneFusion) via TCP at roommanager-ec2-35-164-71-216.kinematicsoup.com:21312
2020-05-01 12:25:24.6732 [DEBUG] Sent D:/Projects/QuarantineJameroo/ElectricityBox/KSEditorLogs/SessionLogs/session.123280-637239326656916457.log
2020-05-01 12:28:28.4674 [INFO] Launching Session: main
2020-05-01 12:28:29.0480 [DEBUG] Connecting
2020-05-01 12:28:29.0650 [DEBUG] Connecting to room (123281:SceneFusion:SceneFusion) via TCP at roommanager-ec2-35-164-71-216.kinematicsoup.com:21312
2020-05-01 13:24:23.0097 [DEBUG] Sent D:/Projects/QuarantineJameroo/ElectricityBox/KSEditorLogs/SessionLogs/session.123281-637239329090710132.log
2020-05-01 13:28:21.1594 [INFO] Launching Session: main
2020-05-01 13:28:21.7437 [DEBUG] Connecting
2020-05-01 13:28:21.7567 [DEBUG] Connecting to room (123286:SceneFusion:SceneFusion) via TCP at roommanager-ec2-35-164-71-216.kinematicsoup.com:21312
2020-05-01 13:37:36.9398 [DEBUG] Sent D:/Projects/QuarantineJameroo/ElectricityBox/KSEditorLogs/SessionLogs/session.123286-637239365017577651.log
2020-05-01 13:59:09.4509 [DEBUG] Scene Fusion version 1.8.7-0
2020-05-01 13:59:12.4214 [INFO] Launching Session: main
2020-05-01 13:59:13.0733 [DEBUG] Connecting
2020-05-01 13:59:13.0953 [DEBUG] Connecting to room (123289:SceneFusion:SceneFusion) via TCP at roommanager-ec2-35-164-71-216.kinematicsoup.com:21312
2020-05-01 13:59:19.5040 [DEBUG] Sent D:/Projects/QuarantineJameroo/ElectricityBox/KSEditorLogs/SessionLogs/session.123289-637239383531743011.log
2020-05-01 14:04:37.3521 [INFO] Launching Session: main
2020-05-01 14:04:41.4908 [DEBUG] Connecting
2020-05-01 14:04:41.5028 [DEBUG] Connecting to room (123290:SceneFusion:SceneFusion) via TCP at roommanager-ec2-13-124-178-67.kinematicsoup.com:21312
